<!--
    Copyright (c) 2009 Tasktop Technologies and others.
    All rights reserved. This program and the accompanying materials
    are made available under the terms of the Eclipse Public License v1.0
    which accompanies this distribution, and is available at
    http://www.eclipse.org/legal/epl-v10.html
   
    Contributors:
         Tasktop Technologies - initial API and implementation
 -->
<interactionEvent>
	<kind>selection</kind>
	<date>2007-10-11 00:31:59.975 GMT</date>
	<endDate>2007-10-11 00:31:59.975 GMT</endDate>
	<originId>originId</originId>
	<structureKind>structureKind</structureKind>
	<structureHandle>1</structureHandle>
	<navigation>navigatedRelation</navigation>
	<delta>delta</delta>
	<interestContribution>2.0</interestContribution>
</interactionEvent>
<interactionEvent>
	<kind>selection</kind>
	<date>2007-10-11 00:31:59.975 GMT</date>
	<endDate>2007-10-11 00:31:59.975 GMT</endDate>
	<originId>originId</originId>
	<structureKind>structureKind</structureKind>
	<structureHandle>11</structureHandle>
	<navigation>navigatedRelation</navigation>
	<delta>delta</delta>
	<interestContribution>2.0</interestContribution>
</interactionEvent>
<interactionEvent>
	<kind>selection</kind>
	<date>2007-10-11 00:31:59.975 GMT</date>
	<endDate>2007-10-11 00:31:59.975 GMT</endDate>
	<originId>originId</originId>
	<structureKind>structureKind</structureKind>
	<structureHandle>111</structureHandle>
	<navigation>navigatedRelation</navigation>
	<delta>delta</delta>
	<interestContribution>2.0</interestContribution>
</interactionEvent>
<interactionEvent>
	<kind>selection</kind>
	<date>2007-10-11 00:31:59.975 GMT</date>
	<endDate>2007-10-11 00:31:59.975 GMT</endDate>
	<originId>originId</originId>
	<structureKind>structureKind</structureKind>
	<structureHandle>1111</structureHandle>
	<navigation>navigatedRelation</navigation>
	<delta>delta</delta>
	<interestContribution>2.0</interestContribution>
</interactionEvent>
<interactionEvent>
	<kind>selection</kind>
	<date>2007-10-11 00:31:59.976 GMT</date>
	<endDate>2007-10-11 00:31:59.976 GMT</endDate>
	<originId>originId</originId>
	<structureKind>structureKind</structureKind>
	<structureHandle>11111</structureHandle>
	<navigation>navigatedRelation</navigation>
	<delta>delta</delta>
	<interestContribution>2.0</interestContribution>
</interactionEvent>
<interactionEvent>
	<kind>selection</kind>
	<date>2007-10-11 00:31:59.976 GMT</date>
	<endDate>2007-10-11 00:31:59.976 GMT</endDate>
	<originId>originId</originId>
	<structureKind>structureKind</structureKind>
	<structureHandle>111111</structureHandle>
	<navigation>navigatedRelation</navigation>
	<delta>delta</delta>
	<interestContribution>2.0</interestContribution>
</interactionEvent>
<interactionEvent>
	<kind>selection</kind>
	<date>2007-10-11 00:31:59.976 GMT</date>
	<endDate>2007-10-11 00:31:59.976 GMT</endDate>
	<originId>originId</originId>
	<structureKind>structureKind</structureKind>
	<structureHandle>1111111</structureHandle>
	<navigation>navigatedRelation</navigation>
	<delta>delta</delta>
	<interestContribution>2.0</interestContribution>
</interactionEvent>
<interactionEvent>
	<kind>selection</kind>
	<date>2007-10-11 00:31:59.976 GMT</date>
	<endDate>2007-10-11 00:31:59.976 GMT</endDate>
	<originId>originId</originId>
	<structureKind>structureKind</structureKind>
	<structureHandle>11111111</structureHandle>
	<navigation>navigatedRelation</navigation>
	<delta>delta</delta>
	<interestContribution>2.0</interestContribution>
</interactionEvent>
<interactionEvent>
	<kind>selection</kind>
	<date>2007-10-11 00:31:59.976 GMT</date>
	<endDate>2007-10-11 00:31:59.976 GMT</endDate>
	<originId>originId</originId>
	<structureKind>structureKind</structureKind>
	<structureHandle>111111111</structureHandle>
	<navigation>navigatedRelation</navigation>
	<delta>delta</delta>
	<interestContribution>2.0</interestContribution>
</interactionEvent>
<interactionEvent>
	<kind>selection</kind>
	<date>2007-10-11 00:31:59.976 GMT</date>
	<endDate>2007-10-11 00:31:59.976 GMT</endDate>
	<originId>originId</originId>
	<structureKind>structureKind</structureKind>
	<structureHandle>1111111111</structureHandle>
	<navigation>navigatedRelation</navigation>
	<delta>delta</delta>
	<interestContribution>2.0</interestContribution>
</interactionEvent>
<interactionEvent>
	<kind>selection</kind>
	<date>2007-10-11 00:31:59.976 GMT</date>
	<endDate>2007-10-11 00:31:59.976 GMT</endDate>
	<originId>originId</originId>
	<structureKind>structureKind</structureKind>
	<structureHandle>11111111111</structureHandle>
	<navigation>navigatedRelation</navigation>
	<delta>delta</delta>
	<interestContribution>2.0</interestContribution>
</interactionEvent>
<interactionEvent>
	<kind>selection</kind>
	<date>2007-10-11 00:31:59.977 GMT</date>
	<endDate>2007-10-11 00:31:59.977 GMT</endDate>
	<originId>originId</originId>
	<structureKind>structureKind</structureKind>
	<structureHandle>111111111111</structureHandle>
	<navigation>navigatedRelation</navigation>
	<delta>delta</delta>
	<interestContribution>2.0</interestContribution>
</interactionEvent>
<interactionEvent>
	<kind>selection</kind>
	<date>2007-10-11 00:31:59.977 GMT</date>
	<endDate>2007-10-11 00:31:59.977 GMT</endDate>
	<originId>originId</originId>
	<structureKind>structureKind</structureKind>
	<structureHandle>1111111111111</structureHandle>
	<navigation>navigatedRelation</navigation>
	<delta>delta</delta>
	<interestContribution>2.0</interestContribution>
</interactionEvent>
<interactionEvent>
	<kind>selection</kind>
	<date>2007-10-11 00:31:59.977 GMT</date>
	<endDate>2007-10-11 00:31:59.977 GMT</endDate>
	<originId>originId</originId>
	<structureKind>structureKind</structureKind>
	<structureHandle>11111111111111</structureHandle>
	<navigation>navigatedRelation</navigation>
	<delta>delta</delta>
	<interestContribution>2.0</interestContribution>
</interactionEvent>
<interactionEvent>
	<kind>selection</kind>
	<date>2007-10-11 00:31:59.977 GMT</date>
	<endDate>2007-10-11 00:31:59.977 GMT</endDate>
	<originId>originId</originId>
	<structureKind>structureKind</structureKind>
	<structureHandle>111111111111111</structureHandle>
	<navigation>navigatedRelation</navigation>
	<delta>delta</delta>
	<interestContribution>2.0</interestContribution>
</interactionEvent>
<interactionEvent>
	<kind>selection</kind>
	<date>2007-10-11 00:31:59.977 GMT</date>
	<endDate>2007-10-11 00:31:59.977 GMT</endDate>
	<originId>originId</originId>
	<structureKind>structureKind</structureKind>
	<structureHandle>1111111111111111</structureHandle>
	<navigation>navigatedRelation</navigation>
	<delta>delta</delta>
	<interestContribution>2.0</interestContribution>
</interactionEvent>
<interactionEvent>
	<kind>selection</kind>
	<date>2007-10-11 00:31:59.977 GMT</date>
	<endDate>2007-10-11 00:31:59.977 GMT</endDate>
	<originId>originId</originId>
	<structureKind>structureKind</structureKind>
	<structureHandle>11111111111111111</structureHandle>
	<navigation>navigatedRelation</navigation>
	<delta>delta</delta>
	<interestContribution>2.0</interestContribution>
</interactionEvent>
<interactionEvent>
	<kind>selection</kind>
	<date>2007-10-11 00:31:59.977 GMT</date>
	<endDate>2007-10-11 00:31:59.977 GMT</endDate>
	<originId>originId</originId>
	<structureKind>structureKind</structureKind>
	<structureHandle>111111111111111111</structureHandle>
	<navigation>navigatedRelation</navigation>
	<delta>delta</delta>
	<interestContribution>2.0</interestContribution>
</interactionEvent>
<interactionEvent>
	<kind>selection</kind>
	<date>2007-10-11 00:31:59.978 GMT</date>
	<endDate>2007-10-11 00:31:59.978 GMT</endDate>
	<originId>originId</originId>
	<structureKind>structureKind</structureKind>
	<structureHandle>1111111111111111111</structureHandle>
	<navigation>navigatedRelation</navigation>
	<delta>delta</delta>
	<interestContribution>2.0</interestContribution>
</interactionEvent>
<interactionEvent>
	<kind>selection</kind>
	<date>2007-10-11 00:31:59.978 GMT</date>
	<endDate>2007-10-11 00:31:59.978 GMT</endDate>
	<originId>originId</originId>
	<structureKind>structureKind</structureKind>
	<structureHandle>11111111111111111111</structureHandle>
	<navigation>navigatedRelation</navigation>
	<delta>delta</delta>
	<interestContribution>2.0</interestContribution>
</interactionEvent>
<interactionEvent>
	<kind>selection</kind>
	<date>2007-10-11 00:31:59.978 GMT</date>
	<endDate>2007-10-11 00:31:59.978 GMT</endDate>
	<originId>originId</originId>
	<structureKind>structureKind</structureKind>
	<structureHandle>111111111111111111111</structureHandle>
	<navigation>navigatedRelation</navigation>
	<delta>delta</delta>
	<interestContribution>2.0</interestContribution>
</interactionEvent>
<interactionEvent>
	<kind>selection</kind>
	<date>2007-10-11 00:31:59.978 GMT</date>
	<endDate>2007-10-11 00:31:59.978 GMT</endDate>
	<originId>originId</originId>
	<structureKind>structureKind</structureKind>
	<structureHandle>1111111111111111111111</structureHandle>
	<navigation>navigatedRelation</navigation>
	<delta>delta</delta>
	<interestContribution>2.0</interestContribution>
</interactionEvent>
<interactionEvent>
	<kind>selection</kind>
	<date>2007-10-11 00:31:59.978 GMT</date>
	<endDate>2007-10-11 00:31:59.978 GMT</endDate>
	<originId>originId</originId>
	<structureKind>structureKind</structureKind>
	<structureHandle>11111111111111111111111</structureHandle>
	<navigation>navigatedRelation</navigation>
	<delta>delta</delta>
	<interestContribution>2.0</interestContribution>
</interactionEvent>
<interactionEvent>
	<kind>selection</kind>
	<date>2007-10-11 00:31:59.978 GMT</date>
	<endDate>2007-10-11 00:31:59.978 GMT</endDate>
	<originId>originId</originId>
	<structureKind>structureKind</structureKind>
	<structureHandle>111111111111111111111111</structureHandle>
	<navigation>navigatedRelation</navigation>
	<delta>delta</delta>
	<interestContribution>2.0</interestContribution>
</interactionEvent>
<interactionEvent>
	<kind>selection</kind>
	<date>2007-10-11 00:31:59.978 GMT</date>
	<endDate>2007-10-11 00:31:59.978 GMT</endDate>
	<originId>originId</originId>
	<structureKind>structureKind</structureKind>
	<structureHandle>1111111111111111111111111</structureHandle>
	<navigation>navigatedRelation</navigation>
	<delta>delta</delta>
	<interestContribution>2.0</interestContribution>
</interactionEvent>
<interactionEvent>
	<kind>selection</kind>
	<date>2007-10-11 00:31:59.979 GMT</date>
	<endDate>2007-10-11 00:31:59.979 GMT</endDate>
	<originId>originId</originId>
	<structureKind>structureKind</structureKind>
	<structureHandle>11111111111111111111111111</structureHandle>
	<navigation>navigatedRelation</navigation>
	<delta>delta</delta>
	<interestContribution>2.0</interestContribution>
</interactionEvent>
<interactionEvent>
	<kind>selection</kind>
	<date>2007-10-11 00:31:59.979 GMT</date>
	<endDate>2007-10-11 00:31:59.979 GMT</endDate>
	<originId>originId</originId>
	<structureKind>structureKind</structureKind>
	<structureHandle>111111111111111111111111111</structureHandle>
	<navigation>navigatedRelation</navigation>
	<delta>delta</delta>
	<interestContribution>2.0</interestContribution>
</interactionEvent>
<interactionEvent>
	<kind>selection</kind>
	<date>2007-10-11 00:31:59.979 GMT</date>
	<endDate>2007-10-11 00:31:59.979 GMT</endDate>
	<originId>originId</originId>
	<structureKind>structureKind</structureKind>
	<structureHandle>1111111111111111111111111111</structureHandle>
	<navigation>navigatedRelation</navigation>
	<delta>delta</delta>
	<interestContribution>2.0</interestContribution>
</interactionEvent>
<interactionEvent>
	<kind>selection</kind>
	<date>2007-10-11 00:31:59.979 GMT</date>
	<endDate>2007-10-11 00:31:59.979 GMT</endDate>
	<originId>originId</originId>
	<structureKind>structureKind</structureKind>
	<structureHandle>11111111111111111111111111111</structureHandle>
	<navigation>navigatedRelation</navigation>
	<delta>delta</delta>
	<interestContribution>2.0</interestContribution>
</interactionEvent>
<interactionEvent>
	<kind>selection</kind>
	<date>2007-10-11 00:31:59.979 GMT</date>
	<endDate>2007-10-11 00:31:59.979 GMT</endDate>
	<originId>originId</originId>
	<structureKind>structureKind</structureKind>
	<structureHandle>111111111111111111111111111111</structureHandle>
	<navigation>navigatedRelation</navigation>
	<delta>delta</delta>
	<interestContribution>2.0</interestContribution>
</interactionEvent>
<interactionEvent>
	<kind>selection</kind>
	<date>2007-10-11 00:31:59.979 GMT</date>
	<endDate>2007-10-11 00:31:59.979 GMT</endDate>
	<originId>originId</originId>
	<structureKind>structureKind</structureKind>
	<structureHandle>1111111111111111111111111111111</structureHandle>
	<navigation>navigatedRelation</navigation>
	<delta>delta</delta>
	<interestContribution>2.0</interestContribution>
</interactionEvent>
<interactionEvent>
	<kind>selection</kind>
	<date>2007-10-11 00:31:59.979 GMT</date>
	<endDate>2007-10-11 00:31:59.979 GMT</endDate>
	<originId>originId</originId>
	<structureKind>structureKind</structureKind>
	<structureHandle>11111111111111111111111111111111</structureHandle>
	<navigation>navigatedRelation</navigation>
	<delta>delta</delta>
	<interestContribution>2.0</interestContribution>
</interactionEvent>
<interactionEvent>
	<kind>selection</kind>
	<date>2007-10-11 00:31:59.980 GMT</date>
	<endDate>2007-10-11 00:31:59.980 GMT</endDate>
	<originId>originId</originId>
	<structureKind>structureKind</structureKind>
	<structureHandle>111111111111111111111111111111111</structureHandle>
	<navigation>navigatedRelation</navigation>
	<delta>delta</delta>
	<interestContribution>2.0</interestContribution>
</interactionEvent>
<interactionEvent>
	<kind>selection</kind>
	<date>2007-10-11 00:31:59.980 GMT</date>
	<endDate>2007-10-11 00:31:59.980 GMT</endDate>
	<originId>originId</originId>
	<structureKind>structureKind</structureKind>
	<structureHandle>1111111111111111111111111111111111</structureHandle>
	<navigation>navigatedRelation</navigation>
	<delta>delta</delta>
	<interestContribution>2.0</interestContribution>
</interactionEvent>
<interactionEvent>
	<kind>selection</kind>
	<date>2007-10-11 00:31:59.980 GMT</date>
	<endDate>2007-10-11 00:31:59.980 GMT</endDate>
	<originId>originId</originId>
	<structureKind>structureKind</structureKind>
	<structureHandle>11111111111111111111111111111111111</structureHandle>
	<navigation>navigatedRelation</navigation>
	<delta>delta</delta>
	<interestContribution>2.0</interestContribution>
</interactionEvent>
<interactionEvent>
	<kind>selection</kind>
	<date>2007-10-11 00:31:59.980 GMT</date>
	<endDate>2007-10-11 00:31:59.980 GMT</endDate>
	<originId>originId</originId>
	<structureKind>structureKind</structureKind>
	<structureHandle>111111111111111111111111111111111111</structureHandle>
	<navigation>navigatedRelation</navigation>
	<delta>delta</delta>
	<interestContribution>2.0</interestContribution>
</interactionEvent>
<interactionEvent>
	<kind>selection</kind>
	<date>2007-10-11 00:31:59.980 GMT</date>
	<endDate>2007-10-11 00:31:59.980 GMT</endDate>
	<originId>originId</originId>
	<structureKind>structureKind</structureKind>
	<structureHandle>1111111111111111111111111111111111111</structureHandle>
	<navigation>navigatedRelation</navigation>
	<delta>delta</delta>
	<interestContribution>2.0</interestContribution>
</interactionEvent>
<interactionEvent>
	<kind>selection</kind>
	<date>2007-10-11 00:31:59.980 GMT</date>
	<endDate>2007-10-11 00:31:59.980 GMT</endDate>
	<originId>originId</originId>
	<structureKind>structureKind</structureKind>
	<structureHandle>11111111111111111111111111111111111111</structureHandle>
	<navigation>navigatedRelation</navigation>
	<delta>delta</delta>
	<interestContribution>2.0</interestContribution>
</interactionEvent>
<interactionEvent>
	<kind>selection</kind>
	<date>2007-10-11 00:31:59.981 GMT</date>
	<endDate>2007-10-11 00:31:59.981 GMT</endDate>
	<originId>originId</originId>
	<structureKind>structureKind</structureKind>
	<structureHandle>111111111111111111111111111111111111111</structureHandle>
	<navigation>navigatedRelation</navigation>
	<delta>delta</delta>
	<interestContribution>2.0</interestContribution>
</interactionEvent>
<interactionEvent>
	<kind>selection</kind>
	<date>2007-10-11 00:31:59.981 GMT</date>
	<endDate>2007-10-11 00:31:59.981 GMT</endDate>
	<originId>originId</originId>
	<structureKind>structureKind</structureKind>
	<structureHandle>1111111111111111111111111111111111111111</structureHandle>
	<navigation>navigatedRelation</navigation>
	<delta>delta</delta>
	<interestContribution>2.0</interestContribution>
</interactionEvent>
<interactionEvent>
	<kind>selection</kind>
	<date>2007-10-11 00:31:59.981 GMT</date>
	<endDate>2007-10-11 00:31:59.981 GMT</endDate>
	<originId>originId</originId>
	<structureKind>structureKind</structureKind>
	<structureHandle>11111111111111111111111111111111111111111</structureHandle>
	<navigation>navigatedRelation</navigation>
	<delta>delta</delta>
	<interestContribution>2.0</interestContribution>
</interactionEvent>
<interactionEvent>
	<kind>selection</kind>
	<date>2007-10-11 00:31:59.982 GMT</date>
	<endDate>2007-10-11 00:31:59.982 GMT</endDate>
	<originId>originId</originId>
	<structureKind>structureKind</structureKind>
	<structureHandle>111111111111111111111111111111111111111111</structureHandle>
	<navigation>navigatedRelation</navigation>
	<delta>delta</delta>
	<interestContribution>2.0</interestContribution>
</interactionEvent>
<interactionEvent>
	<kind>selection</kind>
	<date>2007-10-11 00:31:59.982 GMT</date>
	<endDate>2007-10-11 00:31:59.982 GMT</endDate>
	<originId>originId</originId>
	<structureKind>structureKind</structureKind>
	<structureHandle>1111111111111111111111111111111111111111111</structureHandle>
	<navigation>navigatedRelation</navigation>
	<delta>delta</delta>
	<interestContribution>2.0</interestContribution>
</interactionEvent>
<interactionEvent>
	<kind>selection</kind>
	<date>2007-10-11 00:31:59.982 GMT</date>
	<endDate>2007-10-11 00:31:59.982 GMT</endDate>
	<originId>originId</originId>
	<structureKind>structureKind</structureKind>
	<structureHandle>11111111111111111111111111111111111111111111</structureHandle>
	<navigation>navigatedRelation</navigation>
	<delta>delta</delta>
	<interestContribution>2.0</interestContribution>
</interactionEvent>
<interactionEvent>
	<kind>selection</kind>
	<date>2007-10-11 00:31:59.982 GMT</date>
	<endDate>2007-10-11 00:31:59.982 GMT</endDate>
	<originId>originId</originId>
	<structureKind>structureKind</structureKind>
	<structureHandle>111111111111111111111111111111111111111111111</structureHandle>
	<navigation>navigatedRelation</navigation>
	<delta>delta</delta>
	<interestContribution>2.0</interestContribution>
</interactionEvent>
<interactionEvent>
	<kind>selection</kind>
	<date>2007-10-11 00:31:59.982 GMT</date>
	<endDate>2007-10-11 00:31:59.982 GMT</endDate>
	<originId>originId</originId>
	<structureKind>structureKind</structureKind>
	<structureHandle>1111111111111111111111111111111111111111111111</structureHandle>
	<navigation>navigatedRelation</navigation>
	<delta>delta</delta>
	<interestContribution>2.0</interestContribution>
</interactionEvent>
<interactionEvent>
	<kind>selection</kind>
	<date>2007-10-11 00:31:59.982 GMT</date>
	<endDate>2007-10-11 00:31:59.982 GMT</endDate>
	<originId>originId</originId>
	<structureKind>structureKind</structureKind>
	<structureHandle>11111111111111111111111111111111111111111111111</structureHandle>
	<navigation>navigatedRelation</navigation>
	<delta>delta</delta>
	<interestContribution>2.0</interestContribution>
</interactionEvent>
<interactionEvent>
	<kind>selection</kind>
	<date>2007-10-11 00:31:59.983 GMT</date>
	<endDate>2007-10-11 00:31:59.983 GMT</endDate>
	<originId>originId</originId>
	<structureKind>structureKind</structureKind>
	<structureHandle>111111111111111111111111111111111111111111111111</structureHandle>
	<navigation>navigatedRelation</navigation>
	<delta>delta</delta>
	<interestContribution>2.0</interestContribution>
</interactionEvent>
<interactionEvent>
	<kind>selection</kind>
	<date>2007-10-11 00:31:59.983 GMT</date>
	<endDate>2007-10-11 00:31:59.983 GMT</endDate>
	<originId>originId</originId>
	<structureKind>structureKind</structureKind>
	<structureHandle>1111111111111111111111111111111111111111111111111</structureHandle>
	<navigation>navigatedRelation</navigation>
	<delta>delta</delta>
	<interestContribution>2.0</interestContribution>
</interactionEvent>
<interactionEvent>
	<kind>selection</kind>
	<date>2007-10-11 00:31:59.983 GMT</date>
	<endDate>2007-10-11 00:31:59.983 GMT</endDate>
	<originId>originId</originId>
	<structureKind>structureKind</structureKind>
	<structureHandle>11111111111111111111111111111111111111111111111111</structureHandle>
	<navigation>navigatedRelation</navigation>
	<delta>delta</delta>
	<interestContribution>2.0</interestContribution>
</interactionEvent>
<interactionEvent>
	<kind>selection</kind>
	<date>2007-10-11 00:31:59.983 GMT</date>
	<endDate>2007-10-11 00:31:59.983 GMT</endDate>
	<originId>originId</originId>
	<structureKind>structureKind</structureKind>
	<structureHandle>111111111111111111111111111111111111111111111111111</structureHandle>
	<navigation>navigatedRelation</navigation>
	<delta>delta</delta>
	<interestContribution>2.0</interestContribution>
</interactionEvent>
<interactionEvent>
	<kind>selection</kind>
	<date>2007-10-11 00:31:59.983 GMT</date>
	<endDate>2007-10-11 00:31:59.983 GMT</endDate>
	<originId>originId</originId>
	<structureKind>structureKind</structureKind>
	<structureHandle>1111111111111111111111111111111111111111111111111111</structureHandle>
	<navigation>navigatedRelation</navigation>
	<delta>delta</delta>
	<interestContribution>2.0</interestContribution>
</interactionEvent>
<interactionEvent>
	<kind>selection</kind>
	<date>2007-10-11 00:31:59.983 GMT</date>
	<endDate>2007-10-11 00:31:59.983 GMT</endDate>
	<originId>originId</originId>
	<structureKind>structureKind</structureKind>
	<structureHandle>11111111111111111111111111111111111111111111111111111</structureHandle>
	<navigation>navigatedRelation</navigation>
	<delta>delta</delta>
	<interestContribution>2.0</interestContribution>
</interactionEvent>
<interactionEvent>
	<kind>selection</kind>
	<date>2007-10-11 00:31:59.983 GMT</date>
	<endDate>2007-10-11 00:31:59.983 GMT</endDate>
	<originId>originId</originId>
	<structureKind>structureKind</structureKind>
	<structureHandle>111111111111111111111111111111111111111111111111111111</structureHandle>
	<navigation>navigatedRelation</navigation>
	<delta>delta</delta>
	<interestContribution>2.0</interestContribution>
</interactionEvent>
<interactionEvent>
	<kind>selection</kind>
	<date>2007-10-11 00:31:59.983 GMT</date>
	<endDate>2007-10-11 00:31:59.983 GMT</endDate>
	<originId>originId</originId>
	<structureKind>structureKind</structureKind>
	<structureHandle>1111111111111111111111111111111111111111111111111111111</structureHandle>
	<navigation>navigatedRelation</navigation>
	<delta>delta</delta>
	<interestContribution>2.0</interestContribution>
</interactionEvent>
<interactionEvent>
	<kind>selection</kind>
	<date>2007-10-11 00:31:59.984 GMT</date>
	<endDate>2007-10-11 00:31:59.984 GMT</endDate>
	<originId>originId</originId>
	<structureKind>structureKind</structureKind>
	<structureHandle>11111111111111111111111111111111111111111111111111111111</structureHandle>
	<navigation>navigatedRelation</navigation>
	<delta>delta</delta>
	<interestContribution>2.0</interestContribution>
</interactionEvent>
<interactionEvent>
	<kind>selection</kind>
	<date>2007-10-11 00:31:59.984 GMT</date>
	<endDate>2007-10-11 00:31:59.984 GMT</endDate>
	<originId>originId</originId>
	<structureKind>structureKind</structureKind>
	<structureHandle>111111111111111111111111111111111111111111111111111111111</structureHandle>
	<navigation>navigatedRelation</navigation>
	<delta>delta</delta>
	<interestContribution>2.0</interestContribution>
</interactionEvent>
<interactionEvent>
	<kind>selection</kind>
	<date>2007-10-11 00:31:59.984 GMT</date>
	<endDate>2007-10-11 00:31:59.984 GMT</endDate>
	<originId>originId</originId>
	<structureKind>structureKind</structureKind>
	<structureHandle>1111111111111111111111111111111111111111111111111111111111</structureHandle>
	<navigation>navigatedRelation</navigation>
	<delta>delta</delta>
	<interestContribution>2.0</interestContribution>
</interactionEvent>
<interactionEvent>
	<kind>selection</kind>
	<date>2007-10-11 00:31:59.984 GMT</date>
	<endDate>2007-10-11 00:31:59.984 GMT</endDate>
	<originId>originId</originId>
	<structureKind>structureKind</structureKind>
	<structureHandle>11111111111111111111111111111111111111111111111111111111111</structureHandle>
	<navigation>navigatedRelation</navigation>
	<delta>delta</delta>
	<interestContribution>2.0</interestContribution>
</interactionEvent>
<interactionEvent>
	<kind>selection</kind>
	<date>2007-10-11 00:31:59.984 GMT</date>
	<endDate>2007-10-11 00:31:59.984 GMT</endDate>
	<originId>originId</originId>
	<structureKind>structureKind</structureKind>
	<structureHandle>111111111111111111111111111111111111111111111111111111111111</structureHandle>
	<navigation>navigatedRelation</navigation>
	<delta>delta</delta>
	<interestContribution>2.0</interestContribution>
</interactionEvent>
<interactionEvent>
	<kind>selection</kind>
	<date>2007-10-11 00:31:59.984 GMT</date>
	<endDate>2007-10-11 00:31:59.984 GMT</endDate>
	<originId>originId</originId>
	<structureKind>structureKind</structureKind>
	<structureHandle>1111111111111111111111111111111111111111111111111111111111111</structureHandle>
	<navigation>navigatedRelation</navigation>
	<delta>delta</delta>
	<interestContribution>2.0</interestContribution>
</interactionEvent>
<interactionEvent>
	<kind>selection</kind>
	<date>2007-10-11 00:31:59.984 GMT</date>
	<endDate>2007-10-11 00:31:59.984 GMT</endDate>
	<originId>originId</originId>
	<structureKind>structureKind</structureKind>
	<structureHandle>11111111111111111111111111111111111111111111111111111111111111</structureHandle>
	<navigation>navigatedRelation</navigation>
	<delta>delta</delta>
	<interestContribution>2.0</interestContribution>
</interactionEvent>
<interactionEvent>
	<kind>selection</kind>
	<date>2007-10-11 00:31:59.985 GMT</date>
	<endDate>2007-10-11 00:31:59.985 GMT</endDate>
	<originId>originId</originId>
	<structureKind>structureKind</structureKind>
	<structureHandle>111111111111111111111111111111111111111111111111111111111111111</structureHandle>
	<navigation>navigatedRelation</navigation>
	<delta>delta</delta>
	<interestContribution>2.0</interestContribution>
</interactionEvent>
<interactionEvent>
	<kind>selection</kind>
	<date>2007-10-11 00:31:59.985 GMT</date>
	<endDate>2007-10-11 00:31:59.985 GMT</endDate>
	<originId>originId</originId>
	<structureKind>structureKind</structureKind>
	<structureHandle>1111111111111111111111111111111111111111111111111111111111111111</structureHandle>
	<navigation>navigatedRelation</navigation>
	<delta>delta</delta>
	<interestContribution>2.0</interestContribution>
</interactionEvent>
<interactionEvent>
	<kind>selection</kind>
	<date>2007-10-11 00:31:59.985 GMT</date>
	<endDate>2007-10-11 00:31:59.985 GMT</endDate>
	<originId>originId</originId>
	<structureKind>structureKind</structureKind>
	<structureHandle>11111111111111111111111111111111111111111111111111111111111111111</structureHandle>
	<navigation>navigatedRelation</navigation>
	<delta>delta</delta>
	<interestContribution>2.0</interestContribution>
</interactionEvent>
<interactionEvent>
	<kind>selection</kind>
	<date>2007-10-11 00:31:59.985 GMT</date>
	<endDate>2007-10-11 00:31:59.985 GMT</endDate>
	<originId>originId</originId>
	<structureKind>structureKind</structureKind>
	<structureHandle>111111111111111111111111111111111111111111111111111111111111111111</structureHandle>
	<navigation>navigatedRelation</navigation>
	<delta>delta</delta>
	<interestContribution>2.0</interestContribution>
</interactionEvent>
<interactionEvent>
	<kind>selection</kind>
	<date>2007-10-11 00:31:59.986 GMT</date>
	<endDate>2007-10-11 00:31:59.986 GMT</endDate>
	<originId>originId</originId>
	<structureKind>structureKind</structureKind>
	<structureHandle>1111111111111111111111111111111111111111111111111111111111111111111</structureHandle>
	<navigation>navigatedRelation</navigation>
	<delta>delta</delta>
	<interestContribution>2.0</interestContribution>
</interactionEvent>
<interactionEvent>
	<kind>selection</kind>
	<date>2007-10-11 00:31:59.986 GMT</date>
	<endDate>2007-10-11 00:31:59.986 GMT</endDate>
	<originId>originId</originId>
	<structureKind>structureKind</structureKind>
	<structureHandle>11111111111111111111111111111111111111111111111111111111111111111111</structureHandle>
	<navigation>navigatedRelation</navigation>
	<delta>delta</delta>
	<interestContribution>2.0</interestContribution>
</interactionEvent>
<interactionEvent>
	<kind>selection</kind>
	<date>2007-10-11 00:31:59.986 GMT</date>
	<endDate>2007-10-11 00:31:59.986 GMT</endDate>
	<originId>originId</originId>
	<structureKind>structureKind</structureKind>
	<structureHandle>111111111111111111111111111111111111111111111111111111111111111111111</structureHandle>
	<navigation>navigatedRelation</navigation>
	<delta>delta</delta>
	<interestContribution>2.0</interestContribution>
</interactionEvent>
<interactionEvent>
	<kind>selection</kind>
	<date>2007-10-11 00:31:59.986 GMT</date>
	<endDate>2007-10-11 00:31:59.986 GMT</endDate>
	<originId>originId</originId>
	<structureKind>structureKind</structureKind>
	<structureHandle>1111111111111111111111111111111111111111111111111111111111111111111111</structureHandle>
	<navigation>navigatedRelation</navigation>
	<delta>delta</delta>
	<interestContribution>2.0</interestContribution>
</interactionEvent>
<interactionEvent>
	<kind>selection</kind>
	<date>2007-10-11 00:31:59.986 GMT</date>
	<endDate>2007-10-11 00:31:59.986 GMT</endDate>
	<originId>originId</originId>
	<structureKind>structureKind</structureKind>
	<structureHandle>11111111111111111111111111111111111111111111111111111111111111111111111</structureHandle>
	<navigation>navigatedRelation</navigation>
	<delta>delta</delta>
	<interestContribution>2.0</interestContribution>
</interactionEvent>
<interactionEvent>
	<kind>selection</kind>
	<date>2007-10-11 00:31:59.986 GMT</date>
	<endDate>2007-10-11 00:31:59.986 GMT</endDate>
	<originId>originId</originId>
	<structureKind>structureKind</structureKind>
	<structureHandle>111111111111111111111111111111111111111111111111111111111111111111111111</structureHandle>
	<navigation>navigatedRelation</navigation>
	<delta>delta</delta>
	<interestContribution>2.0</interestContribution>
</interactionEvent>
<interactionEvent>
	<kind>selection</kind>
	<date>2007-10-11 00:31:59.986 GMT</date>
	<endDate>2007-10-11 00:31:59.986 GMT</endDate>
	<originId>originId</originId>
	<structureKind>structureKind</structureKind>
	<structureHandle>1111111111111111111111111111111111111111111111111111111111111111111111111</structureHandle>
	<navigation>navigatedRelation</navigation>
	<delta>delta</delta>
	<interestContribution>2.0</interestContribution>
</interactionEvent>
<interactionEvent>
	<kind>selection</kind>
	<date>2007-10-11 00:31:59.987 GMT</date>
	<endDate>2007-10-11 00:31:59.987 GMT</endDate>
	<originId>originId</originId>
	<structureKind>structureKind</structureKind>
	<structureHandle>11111111111111111111111111111111111111111111111111111111111111111111111111</structureHandle>
	<navigation>navigatedRelation</navigation>
	<delta>delta</delta>
	<interestContribution>2.0</interestContribution>
</interactionEvent>
<interactionEvent>
	<kind>selection</kind>
	<date>2007-10-11 00:31:59.987 GMT</date>
	<endDate>2007-10-11 00:31:59.987 GMT</endDate>
	<originId>originId</originId>
	<structureKind>structureKind</structureKind>
	<structureHandle>111111111111111111111111111111111111111111111111111111111111111111111111111</structureHandle>
	<navigation>navigatedRelation</navigation>
	<delta>delta</delta>
	<interestContribution>2.0</interestContribution>
</interactionEvent>
<interactionEvent>
	<kind>selection</kind>
	<date>2007-10-11 00:31:59.987 GMT</date>
	<endDate>2007-10-11 00:31:59.987 GMT</endDate>
	<originId>originId</originId>
	<structureKind>structureKind</structureKind>
	<structureHandle>1111111111111111111111111111111111111111111111111111111111111111111111111111</structureHandle>
	<navigation>navigatedRelation</navigation>
	<delta>delta</delta>
	<interestContribution>2.0</interestContribution>
</interactionEvent>
<interactionEvent>
	<kind>selection</kind>
	<date>2007-10-11 00:31:59.987 GMT</date>
	<endDate>2007-10-11 00:31:59.987 GMT</endDate>
	<originId>originId</originId>
	<structureKind>structureKind</structureKind>
	<structureHandle>11111111111111111111111111111111111111111111111111111111111111111111111111111</structureHandle>
	<navigation>navigatedRelation</navigation>
	<delta>delta</delta>
	<interestContribution>2.0</interestContribution>
</interactionEvent>
<interactionEvent>
	<kind>selection</kind>
	<date>2007-10-11 00:31:59.987 GMT</date>
	<endDate>2007-10-11 00:31:59.987 GMT</endDate>
	<originId>originId</originId>
	<structureKind>structureKind</structureKind>
	<structureHandle>111111111111111111111111111111111111111111111111111111111111111111111111111111</structureHandle>
	<navigation>navigatedRelation</navigation>
	<delta>delta</delta>
	<interestContribution>2.0</interestContribution>
</interactionEvent>
<interactionEvent>
	<kind>selection</kind>
	<date>2007-10-11 00:31:59.987 GMT</date>
	<endDate>2007-10-11 00:31:59.987 GMT</endDate>
	<originId>originId</originId>
	<structureKind>structureKind</structureKind>
	<structureHandle>1111111111111111111111111111111111111111111111111111111111111111111111111111111</structureHandle>
	<navigation>navigatedRelation</navigation>
	<delta>delta</delta>
	<interestContribution>2.0</interestContribution>
</interactionEvent>
<interactionEvent>
	<kind>selection</kind>
	<date>2007-10-11 00:31:59.987 GMT</date>
	<endDate>2007-10-11 00:31:59.987 GMT</endDate>
	<originId>originId</originId>
	<structureKind>structureKind</structureKind>
	<structureHandle>11111111111111111111111111111111111111111111111111111111111111111111111111111111</structureHandle>
	<navigation>navigatedRelation</navigation>
	<delta>delta</delta>
	<interestContribution>2.0</interestContribution>
</interactionEvent>
<interactionEvent>
	<kind>selection</kind>
	<date>2007-10-11 00:31:59.988 GMT</date>
	<endDate>2007-10-11 00:31:59.988 GMT</endDate>
	<originId>originId</originId>
	<structureKind>structureKind</structureKind>
	<structureHandle>111111111111111111111111111111111111111111111111111111111111111111111111111111111</structureHandle>
	<navigation>navigatedRelation</navigation>
	<delta>delta</delta>
	<interestContribution>2.0</interestContribution>
</interactionEvent>
<interactionEvent>
	<kind>selection</kind>
	<date>2007-10-11 00:31:59.988 GMT</date>
	<endDate>2007-10-11 00:31:59.988 GMT</endDate>
	<originId>originId</originId>
	<structureKind>structureKind</structureKind>
	<structureHandle>1111111111111111111111111111111111111111111111111111111111111111111111111111111111</structureHandle>
	<navigation>navigatedRelation</navigation>
	<delta>delta</delta>
	<interestContribution>2.0</interestContribution>
</interactionEvent>
<interactionEvent>
	<kind>selection</kind>
	<date>2007-10-11 00:31:59.988 GMT</date>
	<endDate>2007-10-11 00:31:59.988 GMT</endDate>
	<originId>originId</originId>
	<structureKind>structureKind</structureKind>
	<structureHandle>11111111111111111111111111111111111111111111111111111111111111111111111111111111111</structureHandle>
	<navigation>navigatedRelation</navigation>
	<delta>delta</delta>
	<interestContribution>2.0</interestContribution>
</interactionEvent>
<interactionEvent>
	<kind>selection</kind>
	<date>2007-10-11 00:31:59.988 GMT</date>
	<endDate>2007-10-11 00:31:59.988 GMT</endDate>
	<originId>originId</originId>
	<structureKind>structureKind</structureKind>
	<structureHandle>111111111111111111111111111111111111111111111111111111111111111111111111111111111111</structureHandle>
	<navigation>navigatedRelation</navigation>
	<delta>delta</delta>
	<interestContribution>2.0</interestContribution>
</interactionEvent>
<interactionEvent>
	<kind>selection</kind>
	<date>2007-10-11 00:31:59.988 GMT</date>
	<endDate>2007-10-11 00:31:59.988 GMT</endDate>
	<originId>originId</originId>
	<structureKind>structureKind</structureKind>
	<structureHandle>1111111111111111111111111111111111111111111111111111111111111111111111111111111111111</structureHandle>
	<navigation>navigatedRelation</navigation>
	<delta>delta</delta>
	<interestContribution>2.0</interestContribution>
</interactionEvent>
<interactionEvent>
	<kind>selection</kind>
	<date>2007-10-11 00:31:59.988 GMT</date>
	<endDate>2007-10-11 00:31:59.988 GMT</endDate>
	<originId>originId</originId>
	<structureKind>structureKind</structureKind>
	<structureHandle>11111111111111111111111111111111111111111111111111111111111111111111111111111111111111</structureHandle>
	<navigation>navigatedRelation</navigation>
	<delta>delta</delta>
	<interestContribution>2.0</interestContribution>
</interactionEvent>
<interactionEvent>
	<kind>selection</kind>
	<date>2007-10-11 00:31:59.988 GMT</date>
	<endDate>2007-10-11 00:31:59.988 GMT</endDate>
	<originId>originId</originId>
	<structureKind>structureKind</structureKind>
	<structureHandle>111111111111111111111111111111111111111111111111111111111111111111111111111111111111111</structureHandle>
	<navigation>navigatedRelation</navigation>
	<delta>delta</delta>
	<interestContribution>2.0</interestContribution>
</interactionEvent>
<interactionEvent>
	<kind>selection</kind>
	<date>2007-10-11 00:31:59.989 GMT</date>
	<endDate>2007-10-11 00:31:59.989 GMT</endDate>
	<originId>originId</originId>
	<structureKind>structureKind</structureKind>
	<structureHandle>1111111111111111111111111111111111111111111111111111111111111111111111111111111111111111</structureHandle>
	<navigation>navigatedRelation</navigation>
	<delta>delta</delta>
	<interestContribution>2.0</interestContribution>
</interactionEvent>
<interactionEvent>
	<kind>selection</kind>
	<date>2007-10-11 00:31:59.991 GMT</date>
	<endDate>2007-10-11 00:31:59.991 GMT</endDate>
	<originId>originId</originId>
	<structureKind>structureKind</structureKind>
	<structureHandle>11111111111111111111111111111111111111111111111111111111111111111111111111111111111111111</structureHandle>
	<navigation>navigatedRelation</navigation>
	<delta>delta</delta>
	<interestContribution>2.0</interestContribution>
</interactionEvent>
<interactionEvent>
	<kind>selection</kind>
	<date>2007-10-11 00:31:59.991 GMT</date>
	<endDate>2007-10-11 00:31:59.991 GMT</endDate>
	<originId>originId</originId>
	<structureKind>structureKind</structureKind>
	<structureHandle>111111111111111111111111111111111111111111111111111111111111111111111111111111111111111111</structureHandle>
	<navigation>navigatedRelation</navigation>
	<delta>delta</delta>
	<interestContribution>2.0</interestContribution>
</interactionEvent>
<interactionEvent>
	<kind>selection</kind>
	<date>2007-10-11 00:31:59.991 GMT</date>
	<endDate>2007-10-11 00:31:59.991 GMT</endDate>
	<originId>originId</originId>
	<structureKind>structureKind</structureKind>
	<structureHandle>1111111111111111111111111111111111111111111111111111111111111111111111111111111111111111111</structureHandle>
	<navigation>navigatedRelation</navigation>
	<delta>delta</delta>
	<interestContribution>2.0</interestContribution>
</interactionEvent>
<interactionEvent>
	<kind>selection</kind>
	<date>2007-10-11 00:31:59.992 GMT</date>
	<endDate>2007-10-11 00:31:59.992 GMT</endDate>
	<originId>originId</originId>
	<structureKind>structureKind</structureKind>
	<structureHandle>11111111111111111111111111111111111111111111111111111111111111111111111111111111111111111111</structureHandle>
	<navigation>navigatedRelation</navigation>
	<delta>delta</delta>
	<interestContribution>2.0</interestContribution>
</interactionEvent>
<interactionEvent>
	<kind>selection</kind>
	<date>2007-10-11 00:31:59.992 GMT</date>
	<endDate>2007-10-11 00:31:59.992 GMT</endDate>
	<originId>originId</originId>
	<structureKind>structureKind</structureKind>
	<structureHandle>111111111111111111111111111111111111111111111111111111111111111111111111111111111111111111111</structureHandle>
	<navigation>navigatedRelation</navigation>
	<delta>delta</delta>
	<interestContribution>2.0</interestContribution>
</interactionEvent>
<interactionEvent>
	<kind>selection</kind>
	<date>2007-10-11 00:31:59.992 GMT</date>
	<endDate>2007-10-11 00:31:59.992 GMT</endDate>
	<originId>originId</originId>
	<structureKind>structureKind</structureKind>
	<structureHandle>1111111111111111111111111111111111111111111111111111111111111111111111111111111111111111111111</structureHandle>
	<navigation>navigatedRelation</navigation>
	<delta>delta</delta>
	<interestContribution>2.0</interestContribution>
</interactionEvent>
<interactionEvent>
	<kind>selection</kind>
	<date>2007-10-11 00:31:59.992 GMT</date>
	<endDate>2007-10-11 00:31:59.992 GMT</endDate>
	<originId>originId</originId>
	<structureKind>structureKind</structureKind>
	<structureHandle>11111111111111111111111111111111111111111111111111111111111111111111111111111111111111111111111</structureHandle>
	<navigation>navigatedRelation</navigation>
	<delta>delta</delta>
	<interestContribution>2.0</interestContribution>
</interactionEvent>
<interactionEvent>
	<kind>selection</kind>
	<date>2007-10-11 00:31:59.992 GMT</date>
	<endDate>2007-10-11 00:31:59.992 GMT</endDate>
	<originId>originId</originId>
	<structureKind>structureKind</structureKind>
	<structureHandle>111111111111111111111111111111111111111111111111111111111111111111111111111111111111111111111111</structureHandle>
	<navigation>navigatedRelation</navigation>
	<delta>delta</delta>
	<interestContribution>2.0</interestContribution>
</interactionEvent>
<interactionEvent>
	<kind>selection</kind>
	<date>2007-10-11 00:31:59.992 GMT</date>
	<endDate>2007-10-11 00:31:59.992 GMT</endDate>
	<originId>originId</originId>
	<structureKind>structureKind</structureKind>
	<structureHandle>1111111111111111111111111111111111111111111111111111111111111111111111111111111111111111111111111</structureHandle>
	<navigation>navigatedRelation</navigation>
	<delta>delta</delta>
	<interestContribution>2.0</interestContribution>
</interactionEvent>
<interactionEvent>
	<kind>selection</kind>
	<date>2007-10-11 00:31:59.992 GMT</date>
	<endDate>2007-10-11 00:31:59.992 GMT</endDate>
	<originId>originId</originId>
	<structureKind>structureKind</structureKind>
	<structureHandle>11111111111111111111111111111111111111111111111111111111111111111111111111111111111111111111111111</structureHandle>
	<navigation>navigatedRelation</navigation>
	<delta>delta</delta>
	<interestContribution>2.0</interestContribution>
</interactionEvent>
<interactionEvent>
	<kind>selection</kind>
	<date>2007-10-11 00:31:59.992 GMT</date>
	<endDate>2007-10-11 00:31:59.992 GMT</endDate>
	<originId>originId</originId>
	<structureKind>structureKind</structureKind>
	<structureHandle>111111111111111111111111111111111111111111111111111111111111111111111111111111111111111111111111111</structureHandle>
	<navigation>navigatedRelation</navigation>
	<delta>delta</delta>
	<interestContribution>2.0</interestContribution>
</interactionEvent>
<interactionEvent>
	<kind>selection</kind>
	<date>2007-10-11 00:31:59.993 GMT</date>
	<endDate>2007-10-11 00:31:59.993 GMT</endDate>
	<originId>originId</originId>
	<structureKind>structureKind</structureKind>
	<structureHandle>1111111111111111111111111111111111111111111111111111111111111111111111111111111111111111111111111111</structureHandle>
	<navigation>navigatedRelation</navigation>
	<delta>delta</delta>
	<interestContribution>2.0</interestContribution>
</interactionEvent>
